<?xml version="1.0" encoding="UTF-8"?>
<testsuite xmlns:xsi="http://www.w3.org/2001/XMLSchema-instance" xsi:noNamespaceSchemaLocation="https://maven.apache.org/surefire/maven-surefire-plugin/xsd/surefire-test-report.xsd" version="3.0.2" name="org.axonframework.messaging.annotation.AnnotatedMessageHandlingMemberTest" time="0.691" tests="1" errors="0" skipped="0" failures="0">
  <properties>
[...]
</properties>
  <testcase name="attributeReturnsNonEmptyOptionalForMatchingAttributeKey" classname="org.axonframework.messaging.annotation.AnnotatedMessageHandlingMemberTest" time="0.612"/>
</testsuite>