-------------------------------------------------------------------------------
Test set: org.axonframework.messaging.annotation.AnnotatedMessageHandlingMemberTest
-------------------------------------------------------------------------------
Tests run: 1, Failures: 1, Errors: 0, Skipped: 0, Time elapsed: 0.959 s <<< FAILURE! -- in org.axonframework.messaging.annotation.AnnotatedMessageHandlingMemberTest
org.axonframework.messaging.annotation.AnnotatedMessageHandlingMemberTest.attributeReturnsNonEmptyOptionalForMatchingAttributeKey -- Time elapsed: 0.915 s <<< FAILURE!
org.opentest4j.AssertionFailedError: expected: <true> but was: <false>
	at org.junit.jupiter.api.AssertionFailureBuilder.build(AssertionFailureBuilder.java:151)
	at org.junit.jupiter.api.AssertionFailureBuilder.buildAndThrow(AssertionFailureBuilder.java:132)
	at org.junit.jupiter.api.AssertTrue.failNotTrue(AssertTrue.java:63)
	at org.junit.jupiter.api.AssertTrue.assertTrue(AssertTrue.java:36)
	at org.junit.jupiter.api.AssertTrue.assertTrue(AssertTrue.java:31)
	at org.junit.jupiter.api.Assertions.assertTrue(Assertions.java:183)
	at org.axonframework.messaging.annotation.AnnotatedMessageHandlingMemberTest.attributeReturnsNonEmptyOptionalForMatchingAttributeKey(AnnotatedMessageHandlingMemberTest.java:66)
	at java.base/java.lang.reflect.Method.invoke(Method.java:566)
	at java.base/java.util.ArrayList.forEach(ArrayList.java:1541)
	at java.base/java.util.ArrayList.forEach(ArrayList.java:1541)

